750
56
724
887
629
398 543
980 88
564 344
223 760
86 993
710 407
216
495 609
248 716
699 204
78
286
69 8
666 304
552 620
962
393
731 133
359 662
399 813
251
119 912
542 670
579 528
57 10
295 846
990 157
487 454
897 947
902 108
773 130
451
745
757
824 49
385 643
635 481
876 199
996 6
798 118
246 726
197
654
275
70
561
940 153
946 105
234 866
949 165
264 873
0 31
62
576
428 612
753 355
815
254
728
979 44
53 995
779
963
7
614
176
102 80
320
338 695
168 973
367
302
472
884 256
261
68 15
198 920
488
834 244
957 151
180 796
328
466 735
38
826
910 937
638
896
936
636 327
889
966
128 825
774 290
752 415
501 573
483
109
820
864
343 537
999 27
994
492 622
908
391
271 705
190 795
631 383
700 438
783 162
749 183
127
366 653
237 885
663
291 856
645
569
595 434
171 952
559
477
331 675
149
532
723
627
974 67
918 285
496 409
676 236
898 243
928 915
152 797
478 624
185 960
590 437
23
567
596
485
803
312
253 661
281
568 341
659 475
82 956
934 182
323
923
673 461
497
207 744
175 982
117 991
65 134
206 808
143 801
95 115
839
759 388
907
644
309
536
34
433
605
964
762 413
436
196
608 410
363 553
577 562
717 138
387
3
927 188
712
512 408
950
901 200
159
432 482
883 386
591
634 513
423
756
589 524
603 249
83
860
335 674
599 518
582 474
37 26
769 336
968 101
580 525
90
84 847
113
310 840
306 619
450
81
725
140
600 262
633 368
59 841
529 572
868 953
35
358
951
742
527 686
905
211
601 490
563 534
161 832
698 231
587 289
226 879
172 943
272
301
736
730
181
66 977
750 169
123 40
945 91
322 615
435
818 252
771
930 173
880
484 455
224 765
87
228
942
504
329
632 376
733
586 617
131 881
707
158 858
683 458
239
215 770
209
720 137
519
235
397
623
502
830
419 740
468
160 30
711 373
449 469
558 372
606
13
288 737
533
828 984
85 932
758 350
909 155
925
395 817
421
125
793 72
967 18
412
584
509
557
324 581
517 547
417 751
810 273
64 20
657 405
503 566
546
203
21
33
597
238 857
792
58 988
362
790
167
4
116 833
729
746
170
71 835
802
816 345
821
921
715 365
688
92
911 297
799
265
668 270
788 401
775
22
761
352
892 114
985 51
403 521
954
886
457
267
692
859
498 452
510 444
463
727
613
97 837
28
120
50
904 195
849
684 382
941 150
202
709 414
416
332
778
361
277
836
225
76 129
548 665
919 259
334
79 861
578 339
245
210
250 805
508
637 318
283
732
465 664
54 894
441
789 371
718
55 853
280 697
851
208
852
266 763
241
570
378
989
205
556
958 146
696 242
585 459
384 494
965 124
193
975
126 32
220
551
493
890
630 394
221 721
804
2 872
1
914
959
305
247
255
924
219
955
538
214 800
375 681
364
61 144
677
268
516
618 522
14
74
100
639
594
377
781 99
187
550
429
326
46 862
427 471
961 903
178
279
704
174
240
47 147
217
191 929
871 330
230
515
678
747
337 544
807
574
431
575
970
938
479
296
166
348
439
103
294
922
520
867
767
260
145
768
640
233
545 571
706
888
702
353 689
913
806 52
121
201
791
819
679
346
111
104 814
349
340
604
11
418 511
878
829
96 93
411
148
777
812
719
440
425
389
916 94
369
598 263
628 443
446
19
298
754
926
112
132
287
523 392
831
685 447
311
838 227
682
448
396
877
850
899
464 583
218 794
45
333
430
507
499
163 12
24
607 422
972
154
269 701
671
776
257 703
786
738
39
933
356
992
641
308
381
848
741
611
845
983
541
106
16
135
944
869
222
514
347
893
626
75
616
971
865
669
827
300
36 156
456
694
526
939
5
652
647
500
906
48
935
672
360
473
77
708
660 307
667
844
823
460
874
535 424
43
592
540
610
177
549
981 891
374
588
997
998
142
404
370
784
875
317
357
787
855
25
602
505
63
948
987
554
560
325
9
60
734
649
565
192
292
648
743
73
931
755
445 470
179
194
467
462
303
593
189
278
764
713
822
843
453
969
41
882 321
480
213
870
531
313
782 402
141
122
785
476 714
400
274
739
380
530
772
17
316
284
621
656
342
29
642
863
693
917
976
491
319
978
722
854
379
687
282
42
276
186
299
420
811
110
780
164
506
315
651 426
690
486
691
658
809
351
139
293
900
232
229
212
89
766
646
680
98
136
650
184
748
107
258
406
539
390 625
986
842
555
314
354
655
489
895
442